<?xml version="1.0" encoding="UTF-8"?>
<testsuite name="dev.sapi.ecomusic.CoreTest" tests="5" skipped="0" failures="0" errors="0" timestamp="2026-09-07T21:24:38" hostname="localhost" time="0.028">
  <properties/>
  <testcase name="shuffleVisitsEveryEntryOnce" classname="dev.sapi.ecomusic.CoreTest" time="0.023"/>
  <testcase name="canonicalPlaylist" classname="dev.sapi.ecomusic.CoreTest" time="0.001"/>
  <testcase name="selectedFirstPreservesDuplicateOccurrences" classname="dev.sapi.ecomusic.CoreTest" time="0.0"/>
  <testcase name="validatesTrack" classname="dev.sapi.ecomusic.CoreTest" time="0.002"/>
  <testcase name="rejectForeignOrigins" classname="dev.sapi.ecomusic.CoreTest" time="0.001"/>
  <system-out><![CDATA[]]></system-out>
  <system-err><![CDATA[]]></system-err>
</testsuite>
